vars	mean_control	coef_anytransfer	coef_uncond_mere	coef_cond_pere	coef_cond_mere	N	p_val_CCT_dif_UCT	p_val_mo_dif_fa
"attrition_baseline"	"0.038"	"0.000"	"-0.004"	"0.007"	"-0.003"	5032	"0.81"	"0.58"
""	"[0.192]"	"(0.026)"	"(0.028)"	"(0.024)"	"(0.025)"		""	""
"attrition_endline_whole"	"0.123"	"-0.036"	"-0.007"	"0.005"	"-0.001"	4832	"0.653"	"0.609"
""	"[0.328]"	"(0.02)*"	"(0.023)"	"(0.018)"	"(0.018)"		""	""
"attrition_endline_whole_cor"	"0.116"	"-0.035"	"-0.01"	"0.004"	"0.000"	4796	"0.557"	"0.617"
""	"[0.321]"	"(0.02)*"	"(0.023)"	"(0.018)"	"(0.017)"		""	""
"attrition"	"0.123"	"-0.036"	"-0.007"	"0.005"	"-0.001"	4832	"0.653"	"0.609"
""	"[0.328]"	"(0.02)*"	"(0.023)"	"(0.018)"	"(0.018)"		""	""
"attrition_moved"	"0.044"	"-0.028"	"0.012"	"0.019"	"0.022"	4832	"0.038**"	"0.407"
""	"[0.204]"	"(0.01)***"	"(0.013)"	"(0.009)**"	"(0.009)***"		""	""
"attrition_not_in_town"	"0.028"	"-0.004"	"0.002"	"0.005"	"0.001"	4832	"0.728"	"0.675"
""	"[0.164]"	"(0.008)"	"(0.008)"	"(0.007)"	"(0.007)"		""	""
"attrition_refused"	"0.007"	"-0.002"	"0.003"	"-0.002"	"0.002"	4832	"0.588"	"0.208"
""	"[0.083]"	"(0.005)"	"(0.005)"	"(0.004)"	"(0.004)"		""	""
"attrition_fusion"	"0.004"	"0.002"	"0.002"	"-0.002"	"-0.003"	4832	"0.121"	"0.991"
""	"[0.063]"	"(0.004)"	"(0.005)"	"(0.004)"	"(0.003)"		""	""
"attrition_unknown"	"0.012"	"0.003"	"-0.008"	"-0.001"	"-0.006"	4832	"0.913"	"0.133"
""	"[0.109]"	"(0.007)"	"(0.006)"	"(0.005)"	"(0.005)"		""	""
"attrition_unreachable"	"0.025"	"-0.003"	"-0.02"	"-0.017"	"-0.019"	4832	"0.242"	"0.241"
""	"[0.156]"	"(0.016)"	"(0.014)"	"(0.013)"	"(0.013)"		""	""
"attrition_other"	"0.003"	"-0.003"	"0.001"	"0.003"	"0.002"	4832	"0.227"	"0.793"
""	"[0.057]"	"(0.002)"	"(0.002)"	"(0.002)"	"(0.002)"		""	""
"attrition_aser"	"0.305"	"-0.009"	"0.018"	"0.002"	"-0.03"	4682	"0.307"	"0.455"
""	"[0.461]"	"(0.038)"	"(0.039)"	"(0.034)"	"(0.035)"		""	""
"attrition_aser_menage_not_sur"	"0.122"	"-0.036"	"-0.006"	"0.003"	"-0.001"	4682	"0.749"	"0.67"
""	"[0.327]"	"(0.021)*"	"(0.023)"	"(0.018)"	"(0.018)"		""	""
"attrition_aser_absent"	"0.127"	"0.037"	"-0.009"	"-0.017"	"-0.031"	4682	"0.262"	"0.469"
""	"[0.333]"	"(0.028)"	"(0.032)"	"(0.026)"	"(0.025)"		""	""
"attrition_aser_refuse"	"0.029"	"-0.018"	"0.016"	"0.017"	"0.000"	4682	"0.896"	"0.178"
""	"[0.169]"	"(0.008)**"	"(0.008)*"	"(0.007)**"	"(0.006)"		""	""
"attrition_aser_moved"	"0.007"	"-0.006"	"0.006"	"0.007"	"0.005"	4682	"0.252"	"0.967"
""	"[0.083]"	"(0.005)"	"(0.004)"	"(0.004)*"	"(0.004)"		""	""
"attrition_aser_other"	"0.02"	"0.013"	"0.012"	"-0.008"	"-0.002"	4682	"0.19"	"0.233"
""	"[0.14]"	"(0.012)"	"(0.014)"	"(0.013)"	"(0.011)"		""	""
"N observation ASER"	"600"	"415"	"423"	"921"	"957"	3316	""	""
""	""	""	""	""	""		""	""
""	""	""	""	""	""		""	""
""	""	""	""	""	""		""	""
""	""	""	""	""	""		""	""
""	""	""	""	""	""		""	""
""	""	""	""	""	""		""	""
""	""	""	""	""	""		""	""
""	""	""	""	""	""		""	""
""	""	""	""	""	""		""	""
""	""	""	""	""	""		""	""
""	""	""	""	""	""		""	""
""	""	""	""	""	""		""	""
""	""	""	""	""	""		""	""
""	""	""	""	""	""		""	""
""	""	""	""	""	""		""	""
""	""	""	""	""	""		""	""
""	""	""	""	""	""		""	""
""	""	""	""	""	""		""	""
""	""	""	""	""	""		""	""
""	""	""	""	""	""		""	""
""	""	""	""	""	""		""	""
""	""	""	""	""	""		""	""
""	""	""	""	""	""		""	""
""	""	""	""	""	""		""	""
""	""	""	""	""	""		""	""
""	""	""	""	""	""		""	""
""	""	""	""	""	""		""	""
""	""	""	""	""	""		""	""
""	""	""	""	""	""		""	""
""	""	""	""	""	""		""	""
""	""	""	""	""	""		""	""
""	""	""	""	""	""		""	""
""	""	""	""	""	""		""	""
""	""	""	""	""	""		""	""
""	""	""	""	""	""		""	""
""	""	""	""	""	""		""	""
""	""	""	""	""	""		""	""
""	""	""	""	""	""		""	""
""	""	""	""	""	""		""	""
""	""	""	""	""	""		""	""
""	""	""	""	""	""		""	""
""	""	""	""	""	""		""	""
""	""	""	""	""	""		""	""
""	""	""	""	""	""		""	""
""	""	""	""	""	""		""	""
""	""	""	""	""	""		""	""
""	""	""	""	""	""		""	""
""	""	""	""	""	""		""	""
""	""	""	""	""	""		""	""
""	""	""	""	""	""		""	""
""	""	""	""	""	""		""	""
""	""	""	""	""	""		""	""
""	""	""	""	""	""		""	""
""	""	""	""	""	""		""	""
""	""	""	""	""	""		""	""
""	""	""	""	""	""		""	""
""	""	""	""	""	""		""	""
""	""	""	""	""	""		""	""
""	""	""	""	""	""		""	""
""	""	""	""	""	""		""	""
""	""	""	""	""	""		""	""
""	""	""	""	""	""		""	""
""	""	""	""	""	""		""	""
""	""	""	""	""	""		""	""
