vars	mean_control	coef_anytransfer	coef_uncond_mere	coef_cond_pere	coef_cond_mere	N	p_val_CCT_dif_UCT	p_val_mo_dif_fa
"obs"	"77.402"	"-2.826"	"5.094"	"-1.818"	"0.938"	627	"0.398"	"0.345"
""	"[57.468]"	"(5.504)"	"(6.258)"	"(5.036)"	"(5.028)"		""	""
"multiniveau"	"0.611"	"-0.012"	"0.005"	"0.02"	"-0.035"	627	"0.761"	"0.197"
""	"[0.399]"	"(0.05)"	"(0.057)"	"(0.047)"	"(0.047)"		""	""
"num_sections"	"1.305"	"-0.006"	"0.062"	"0.002"	"-0.006"	627	"0.313"	"0.685"
""	"[0.344]"	"(0.048)"	"(0.057)"	"(0.045)"	"(0.046)"		""	""
"v0_age"	"9.636"	"0.094"	"-0.089"	"0.005"	"-0.111"	610	"0.885"	"0.03**"
""	"[0.589]"	"(0.074)"	"(0.086)"	"(0.063)"	"(0.059)*"		""	""
"v0_female"	"0.422"	"0.007"	"0.014"	"0.01"	"0.015"	612	"0.663"	"0.468"
""	"[0.111]"	"(0.018)"	"(0.02)"	"(0.016)"	"(0.016)"		""	""
"v0_student_classroom_ratio"	"21.698"	"-0.137"	"0.315"	"-0.432"	"-0.603"	612	"0.36"	"0.983"
""	"[9.566]"	"(1.149)"	"(1.3)"	"(1.087)"	"(1.057)"		""	""
"teacher_presence"	"0.794"	"0.109"	"-0.065"	"-0.072"	"-0.072"	600	"0.283"	"0.601"
""	"[0.379]"	"(0.05)**"	"(0.06)"	"(0.046)"	"(0.049)"		""	""
"v0_presence"	"0.926"	"0.026"	"-0.032"	"-0.027"	"-0.037"	491	"0.144"	"0.201"
""	"[0.141]"	"(0.02)"	"(0.016)**"	"(0.018)"	"(0.017)**"		""	""
"prel_dist_road"	"9.127"	"2.328"	"-0.722"	"-3.665"	"-3.432"	613	"0.055*"	"0.968"
""	"[12.446]"	"(2.793)"	"(3.117)"	"(2.413)"	"(2.551)"		""	""
"prel_inacc_winter"	"0.425"	"-0.011"	"-0.023"	"-0.11"	"-0.174"	587	"0.012**"	"0.27"
""	"[0.497]"	"(0.092)"	"(0.095)"	"(0.081)"	"(0.082)**"		""	""
"prel_elec"	"0.188"	"0.131"	"-0.044"	"-0.102"	"0.045"	601	"0.875"	"0.033**"
""	"[0.392]"	"(0.068)*"	"(0.074)"	"(0.06)*"	"(0.066)"		""	""
"prel_toilet"	"0.495"	"0.085"	"0.013"	"-0.036"	"-0.079"	611	"0.141"	"0.549"
""	"[0.502]"	"(0.066)"	"(0.075)"	"(0.058)"	"(0.059)"		""	""
"prel_dist_post"	"24.765"	"-4.703"	"3.541"	"0.113"	"1.008"	611	"0.608"	"0.424"
""	"[27.239]"	"(3.989)"	"(4.025)"	"(2.679)"	"(3.016)"		""	""
""	"117"	"80"	"78"	"176"	"176"	628	""	""
""	"59"	"40"	"40"	"90"	"89"	318	""	""
""	""	""	""	""	""		""	""
""	""	""	""	""	""		""	""
""	""	""	""	""	""		""	""
""	""	""	""	""	""		""	""
""	""	""	""	""	""		""	""
""	""	""	""	""	""		""	""
""	""	""	""	""	""		""	""
""	""	""	""	""	""		""	""
""	""	""	""	""	""		""	""
""	""	""	""	""	""		""	""
""	""	""	""	""	""		""	""
""	""	""	""	""	""		""	""
""	""	""	""	""	""		""	""
""	""	""	""	""	""		""	""
""	""	""	""	""	""		""	""
""	""	""	""	""	""		""	""
""	""	""	""	""	""		""	""
""	""	""	""	""	""		""	""
""	""	""	""	""	""		""	""
""	""	""	""	""	""		""	""
""	""	""	""	""	""		""	""
""	""	""	""	""	""		""	""
""	""	""	""	""	""		""	""
""	""	""	""	""	""		""	""
""	""	""	""	""	""		""	""
""	""	""	""	""	""		""	""
""	""	""	""	""	""		""	""
""	""	""	""	""	""		""	""
""	""	""	""	""	""		""	""
""	""	""	""	""	""		""	""
""	""	""	""	""	""		""	""
""	""	""	""	""	""		""	""
""	""	""	""	""	""		""	""
""	""	""	""	""	""		""	""
""	""	""	""	""	""		""	""
""	""	""	""	""	""		""	""
""	""	""	""	""	""		""	""
""	""	""	""	""	""		""	""
""	""	""	""	""	""		""	""
""	""	""	""	""	""		""	""
""	""	""	""	""	""		""	""
""	""	""	""	""	""		""	""
""	""	""	""	""	""		""	""
""	""	""	""	""	""		""	""
""	""	""	""	""	""		""	""
""	""	""	""	""	""		""	""
""	""	""	""	""	""		""	""
""	""	""	""	""	""		""	""
""	""	""	""	""	""		""	""
""	""	""	""	""	""		""	""
""	""	""	""	""	""		""	""
""	""	""	""	""	""		""	""
""	""	""	""	""	""		""	""
""	""	""	""	""	""		""	""
""	""	""	""	""	""		""	""
""	""	""	""	""	""		""	""
""	""	""	""	""	""		""	""
""	""	""	""	""	""		""	""
""	""	""	""	""	""		""	""
""	""	""	""	""	""		""	""
""	""	""	""	""	""		""	""
""	""	""	""	""	""		""	""
""	""	""	""	""	""		""	""
""	""	""	""	""	""		""	""
""	""	""	""	""	""		""	""
""	""	""	""	""	""		""	""
""	""	""	""	""	""		""	""
""	""	""	""	""	""		""	""
""	""	""	""	""	""		""	""
""	""	""	""	""	""		""	""
""	""	""	""	""	""		""	""
