vars	mean_control	coef_uncond_mere	coef_cond_pere	coef_cond_mere	N	p_val_CCT_dif_UCT	p_val_mo_dif_fa
"ty_enrolled"	"0.967"	"0.011"	"0.003"	"0.006"	3707	"0.935"	"0.53"
""	"[0.178]"	"(0.012)"	"(0.01)"	"(0.011)"		""	""
"ty_enrolled_enrolled"	"0.986"	"-0.002"	"-0.015"	"-0.012"	2634	"0.062*"	"0.831"
""	"[0.119]"	"(0.01)"	"(0.009)"	"(0.01)"		""	""
"ty_enrolled_dropout"	"0.911"	"0.068"	"0.067"	"0.078"	1073	"0.066*"	"0.146"
""	"[0.286]"	"(0.034)**"	"(0.027)**"	"(0.029)***"		""	""
"ty_percent_kids"	"0.734"	"0.04"	"0.024"	"0.007"	3707	"0.662"	"0.97"
""	"[0.268]"	"(0.015)***"	"(0.013)*"	"(0.014)"		""	""
"ty_mother_benef"	"0.14"	"0.757"	"-0.024"	"0.771"	3707	"0.853"	"0***"
""	"[0.347]"	"(0.027)***"	"(0.026)"	"(0.024)***"		""	""
"ty_onlymother_paid"	"0.06"	"0.319"	"0.023"	"0.28"	3690	"0.749"	"0***"
""	"[0.238]"	"(0.03)***"	"(0.023)"	"(0.031)***"		""	""
"ty_onlyfather_paid"	"0.712"	"-0.654"	"0.022"	"-0.682"	3690	"0.986"	"0***"
""	"[0.453]"	"(0.032)***"	"(0.03)"	"(0.028)***"		""	""
"ty_motherfather_paid"	"0.02"	"0.122"	"-0.021"	"0.116"	3690	"0.297"	"0***"
""	"[0.139]"	"(0.019)***"	"(0.011)*"	"(0.017)***"		""	""
"ty_mothersomeone_paid"	"0.069"	"0.272"	"-0.025"	"0.348"	3690	"0.42"	"0***"
""	"[0.253]"	"(0.032)***"	"(0.021)"	"(0.032)***"		""	""
"ty_transp_amount"	"21.149"	"0.572"	"-0.998"	"1.821"	3586	"0.933"	"0.113"
""	"[25.42]"	"(2.605)"	"(2.109)"	"(2.222)"		""	""
"ntransf_paid_admin0809"	"6.562"	"-0.096"	"-0.044"	"-0.109"	3477	"0.695"	"0.311"
""	"[1.387]"	"(0.106)"	"(0.081)"	"(0.098)"		""	""
"amt_transfer_admin0809"	"3048.059"	"-147.29"	"-97.21"	"-256.075"	3470	"0.123"	"0.011**"
""	"[1486.965]"	"(111.585)"	"(99.745)"	"(103.864)**"		""	""
"share_transfer_admin0809"	"1.118"	"0.008"	"-0.001"	"-0.075"	3367	"0.277"	"0.168"
""	"[0.726]"	"(0.067)"	"(0.053)"	"(0.055)"		""	""
"tot_trans_miss_HH"	"0"	"0.113"	"1.034"	"0.651"	3459	"0***"	"0.117"
""	"[0]"	"(0.103)"	"(0.16)***"	"(0.116)***"		""	""
""	""	""	""	""		""	""
""	""	""	""	""		""	""
""	""	""	""	""		""	""
""	""	""	""	""		""	""
""	""	""	""	""		""	""
""	""	""	""	""		""	""
""	""	""	""	""		""	""
""	""	""	""	""		""	""
""	""	""	""	""		""	""
""	""	""	""	""		""	""
""	""	""	""	""		""	""
""	""	""	""	""		""	""
""	""	""	""	""		""	""
""	""	""	""	""		""	""
""	""	""	""	""		""	""
""	""	""	""	""		""	""
""	""	""	""	""		""	""
""	""	""	""	""		""	""
""	""	""	""	""		""	""
""	""	""	""	""		""	""
""	""	""	""	""		""	""
""	""	""	""	""		""	""
""	""	""	""	""		""	""
""	""	""	""	""		""	""
""	""	""	""	""		""	""
""	""	""	""	""		""	""
""	""	""	""	""		""	""
""	""	""	""	""		""	""
""	""	""	""	""		""	""
""	""	""	""	""		""	""
""	""	""	""	""		""	""
""	""	""	""	""		""	""
""	""	""	""	""		""	""
""	""	""	""	""		""	""
""	""	""	""	""		""	""
""	""	""	""	""		""	""
""	""	""	""	""		""	""
""	""	""	""	""		""	""
""	""	""	""	""		""	""
""	""	""	""	""		""	""
""	""	""	""	""		""	""
""	""	""	""	""		""	""
""	""	""	""	""		""	""
""	""	""	""	""		""	""
""	""	""	""	""		""	""
""	""	""	""	""		""	""
""	""	""	""	""		""	""
""	""	""	""	""		""	""
""	""	""	""	""		""	""
""	""	""	""	""		""	""
""	""	""	""	""		""	""
""	""	""	""	""		""	""
""	""	""	""	""		""	""
""	""	""	""	""		""	""
""	""	""	""	""		""	""
""	""	""	""	""		""	""
""	""	""	""	""		""	""
""	""	""	""	""		""	""
""	""	""	""	""		""	""
""	""	""	""	""		""	""
""	""	""	""	""		""	""
""	""	""	""	""		""	""
""	""	""	""	""		""	""
""	""	""	""	""		""	""
""	""	""	""	""		""	""
""	""	""	""	""		""	""
""	""	""	""	""		""	""
""	""	""	""	""		""	""
""	""	""	""	""		""	""
""	""	""	""	""		""	""
""	""	""	""	""		""	""
