	(1)
VARIABLES	enroll_attend_May2010
	
bs_girl2	-0.133***
	(0.025)
bs_girl2_miss	-0.024
	(0.084)
bs_age2	-0.054***
	(0.020)
bs_age2_miss	0.005
	(0.077)
bs_male_head2	0.050
	(0.096)
bs_male_head2_miss	-0.183
	(0.240)
bs_age_head2	-0.003**
	(0.001)
o.bs_age_head2_miss	-
	
bs_age_spouse2	-0.002*
	(0.001)
bs_age_spouse2_miss	-0.116
	(0.115)
bs_head_amazygh2	0.032
	(0.035)
o.bs_head_amazygh2_miss	-
	
bs_head_readwrite2	-0.001
	(0.027)
bs_head_readwrite2_miss	-0.046
	(0.104)
bs_headwife_readwrite2	0.057
	(0.042)
bs_headwife_readwrite2_miss	0.113
	(0.093)
bs_education_index2	0.003
	(0.016)
bs_education_index2_miss	-0.161***
	(0.049)
bs_unuseful_educ2	0.017
	(0.030)
bs_unuseful_educ2_miss	-0.021
	(0.032)
bs_nmember2	-0.003
	(0.007)
o.bs_nmember2_miss	-
	
bs_nchildren2	-0.017
	(0.012)
o.bs_nchildren2_miss	-
	
bs_ngirls2	-0.000
	(0.011)
o.bs_ngirls2_miss	-
	
bs_nrooms2	-0.007
	(0.006)
o.bs_nrooms2_miss	-
	
bs_house_stone2	-0.009
	(0.020)
bs_house_stone2_miss	-0.052
	(0.068)
bs_own_tv2	-0.044
	(0.029)
bs_own_tv2_miss	0.022
	(0.118)
bs_own_cellphone2	0.029
	(0.026)
o.bs_own_cellphone2_miss	-
	
bs_own_land2	0.022
	(0.021)
bs_own_land2_miss	0.165***
	(0.051)
bs_own_fridge2	0.023
	(0.023)
bs_own_fridge2_miss	-0.109
	(0.074)
bs_bank_account2	-0.020
	(0.052)
bs_bank_account2_miss	0.013
	(0.073)
bs_elec2	0.083**
	(0.032)
o.bs_elec2_miss	-
	
bs_monthly_consump_pc_d1002	-0.002
	(0.004)
bs_monthly_consump_pc_d1002_miss	0.140
	(0.120)
satellite2	0.004
	(0.022)
o.satellite2_miss	-
	
prel_elec2	-0.050
	(0.037)
o.prel_elec2_miss	-
	
prel_inacc_winter2	-0.064**
	(0.029)
o.prel_inacc_winter2_miss	-
	
prel_toilet2	-0.027
	(0.025)
o.prel_toilet2_miss	-
	
o._Istratum_2	-
	
_Istratum_3	-0.035
	(0.040)
o._Istratum_4	-
	
_Istratum_5	0.138***
	(0.028)
_Istratum_6	0.016
	(0.090)
_Istratum_7	0.137**
	(0.052)
o._Istratum_8	-
	
_Istratum_9	0.116**
	(0.044)
o._Istratum_10	-
	
_Istratum_11	0.059
	(0.046)
o._Istratum_12	-
	
_Istratum_13	0.074
	(0.075)
_Istratum_14	0.217***
	(0.058)
_Istratum_15	0.163***
	(0.053)
_Istratum_16	0.233***
	(0.042)
_Istratum_17	0.043
	(0.051)
_Istratum_18	-0.033
	(0.041)
o._Istratum_19	-
	
_Istratum_20	0.159***
	(0.054)
_Istratum_22	0.020
	(0.049)
_Istratum_23	0.152***
	(0.042)
o._Istratum_24	-
	
o._Istratum_25	-
	
_Istratum_26	0.029
	(0.085)
o._Istratum_27	-
	
_Istratum_28	0.158***
	(0.038)
_Istratum_29	0.045
	(0.034)
_Istratum_30	0.243***
	(0.045)
_Istratum_31	-0.003
	(0.038)
_Istratum_32	0.175***
	(0.037)
_Istratum_33	-0.021
	(0.050)
_Istratum_34	0.122***
	(0.046)
_Istratum_36	0.107**
	(0.053)
o._Istratum_37	-
	
_Istratum_38	0.250***
	(0.055)
_Istratum_39	-0.191***
	(0.044)
_Istratum_40	0.102***
	(0.038)
_Istratum_41	0.070
	(0.057)
_Istratum_42	0.137***
	(0.046)
_Istratum_43	0.187***
	(0.040)
_Istratum_44	0.155***
	(0.045)
o._Istratum_45	-
	
o._Istratum_46	-
	
_Istratum_47	0.152***
	(0.047)
o._Istratum_48	-
	
Constant	1.523***
	(0.204)
	
Observations	2,001
R-squared	0.222
Mean dependent variable	0.737
