vars	mean_control	coef_anytransfer	N
"partic_cgestion"	"0.042"	"0.01"	4026
""	"[0.201]"	"(0.009)"	
"education_index"	"2.569"	"0.121"	4250
""	"[0.67]"	"(0.043)***"	
"dif_princomple_girls"	"-7.654"	"17.044"	4417
""	"[181.436]"	"(7.009)**"	
"dif_prcomple_girls"	"48.186"	"51.04"	4383
""	"[325.395]"	"(16.9)***"	
"dif_princomple_boys"	"91.043"	"31.024"	4171
""	"[585.382]"	"(27.995)"	
"dif_prcomple_boys"	"198.72"	"62.064"	3933
""	"[740.308]"	"(37.482)*"	
"pemployed_job_princompl_girls"	"0.013"	"-0.003"	4454
""	"[0.066]"	"(0.003)"	
"pemployed_job_prcompl_girls"	"0.012"	"0.002"	4454
""	"[0.063]"	"(0.003)"	
"pemployed_job_college_girls"	"0.024"	"0.012"	4435
""	"[0.098]"	"(0.006)**"	
"pemployed_job_princompl_boys"	"0.231"	"0.000"	4423
""	"[0.188]"	"(0.008)"	
"pemployed_job_prcompl_boys"	"0.244"	"-0.007"	4389
""	"[0.185]"	"(0.008)"	
"pemployed_job_college_boys"	"0.26"	"0.011"	4317
""	"[0.21]"	"(0.01)"	
"mean_sal_empljob_princompl_girls"	"1177.552"	"-180.692"	165
""	"[738.175]"	"(200.202)"	
"mean_sal_empljob_prcompl_girls"	"1101.088"	"-48.383"	202
""	"[546.858]"	"(168.775)"	
"mean_sal_empljob_college_girls"	"1342.461"	"7.19"	402
""	"[607.484]"	"(118.961)"	
"mean_sal_empljob_princompl_boys"	"1285.782"	"1.909"	3192
""	"[581.403]"	"(37.518)"	
"mean_sal_empljob_prcompl_boys"	"1343.744"	"28.615"	3248
""	"[608.022]"	"(37.788)"	
"mean_sal_empljob_college_boys"	"1507.117"	"62.936"	3056
""	"[637.848]"	"(36.01)*"	
""	""	""	
""	""	""	
""	""	""	
""	""	""	
""	""	""	
""	""	""	
""	""	""	
""	""	""	
""	""	""	
""	""	""	
""	""	""	
""	""	""	
""	""	""	
""	""	""	
""	""	""	
""	""	""	
""	""	""	
""	""	""	
""	""	""	
""	""	""	
""	""	""	
""	""	""	
""	""	""	
""	""	""	
""	""	""	
""	""	""	
""	""	""	
""	""	""	
""	""	""	
""	""	""	
""	""	""	
""	""	""	
""	""	""	
""	""	""	
""	""	""	
""	""	""	
""	""	""	
""	""	""	
""	""	""	
""	""	""	
""	""	""	
""	""	""	
""	""	""	
""	""	""	
""	""	""	
""	""	""	
""	""	""	
""	""	""	
""	""	""	
""	""	""	
""	""	""	
""	""	""	
""	""	""	
""	""	""	
""	""	""	
""	""	""	
""	""	""	
""	""	""	
""	""	""	
""	""	""	
""	""	""	
""	""	""	
""	""	""	
""	""	""	
""	""	""	
""	""	""	
""	""	""	
""	""	""	
""	""	""	
""	""	""	
""	""	""	
""	""	""	
""	""	""	
""	""	""	
""	""	""	
""	""	""	
""	""	""	
""	""	""	
""	""	""	
""	""	""	
""	""	""	
""	""	""	
""	""	""	
""	""	""	
""	""	""	
""	""	""	
""	""	""	
""	""	""	
""	""	""	
""	""	""	
""	""	""	
""	""	""	
""	""	""	
""	""	""	
""	""	""	
""	""	""	
""	""	""	
""	""	""	
""	""	""	
""	""	""	
""	""	""	
""	""	""	
""	""	""	
""	""	""	
""	""	""	
""	""	""	
""	""	""	
""	""	""	
""	""	""	
""	""	""	
""	""	""	
""	""	""	
""	""	""	
""	""	""	
""	""	""	
""	""	""	
""	""	""	
""	""	""	
""	""	""	
""	""	""	
""	""	""	
""	""	""	
""	""	""	
""	""	""	
""	""	""	
""	""	""	
""	""	""	
""	""	""	
""	""	""	
""	""	""	
""	""	""	
""	""	""	
""	""	""	
""	""	""	
""	""	""	
""	""	""	
""	""	""	
""	""	""	
""	""	""	
""	""	""	
""	""	""	
""	""	""	
""	""	""	
""	""	""	
""	""	""	
""	""	""	
""	""	""	
""	""	""	
""	""	""	
""	""	""	
""	""	""	
""	""	""	
""	""	""	
""	""	""	
""	""	""	
""	""	""	
""	""	""	
""	""	""	
""	""	""	
""	""	""	
""	""	""	
""	""	""	
""	""	""	
""	""	""	
""	""	""	
""	""	""	
""	""	""	
""	""	""	
""	""	""	
""	""	""	
""	""	""	
""	""	""	
""	""	""	
""	""	""	
""	""	""	
""	""	""	
""	""	""	
""	""	""	
""	""	""	
""	""	""	
""	""	""	
""	""	""	
""	""	""	
""	""	""	
""	""	""	
""	""	""	
""	""	""	
""	""	""	
""	""	""	
""	""	""	
""	""	""	
""	""	""	
""	""	""	
""	""	""	
""	""	""	
""	""	""	
""	""	""	
""	""	""	
""	""	""	
""	""	""	
""	""	""	
""	""	""	
""	""	""	
""	""	""	
""	""	""	
""	""	""	
""	""	""	
""	""	""	
""	""	""	
""	""	""	
""	""	""	
""	""	""	
""	""	""	
""	""	""	
""	""	""	
""	""	""	
""	""	""	
""	""	""	
""	""	""	
""	""	""	
""	""	""	
""	""	""	
""	""	""	
""	""	""	
""	""	""	
""	""	""	
""	""	""	
""	""	""	
""	""	""	
""	""	""	
""	""	""	
""	""	""	
""	""	""	
""	""	""	
""	""	""	
""	""	""	
""	""	""	
""	""	""	
""	""	""	
""	""	""	
""	""	""	
""	""	""	
""	""	""	
""	""	""	
""	""	""	
""	""	""	
""	""	""	
""	""	""	
""	""	""	
""	""	""	
""	""	""	
""	""	""	
""	""	""	
""	""	""	
""	""	""	
""	""	""	
""	""	""	
""	""	""	
""	""	""	
""	""	""	
""	""	""	
""	""	""	
""	""	""	
""	""	""	
""	""	""	
""	""	""	
""	""	""	
""	""	""	
""	""	""	
""	""	""	
""	""	""	
""	""	""	
""	""	""	
""	""	""	
""	""	""	
""	""	""	
""	""	""	
""	""	""	
""	""	""	
""	""	""	
""	""	""	
""	""	""	
""	""	""	
""	""	""	
""	""	""	
""	""	""	
""	""	""	
""	""	""	
""	""	""	
""	""	""	
""	""	""	
""	""	""	
""	""	""	
""	""	""	
""	""	""	
""	""	""	
""	""	""	
""	""	""	
""	""	""	
""	""	""	
""	""	""	
""	""	""	
""	""	""	
""	""	""	
""	""	""	
""	""	""	
""	""	""	
""	""	""	
""	""	""	
""	""	""	
""	""	""	
""	""	""	
""	""	""	
""	""	""	
""	""	""	
""	""	""	
""	""	""	
""	""	""	
""	""	""	
""	""	""	
""	""	""	
""	""	""	
""	""	""	
""	""	""	
""	""	""	
""	""	""	
""	""	""	
""	""	""	
""	""	""	
""	""	""	
""	""	""	
""	""	""	
""	""	""	
""	""	""	
""	""	""	
""	""	""	
""	""	""	
""	""	""	
""	""	""	
""	""	""	
""	""	""	
""	""	""	
""	""	""	
""	""	""	
""	""	""	
""	""	""	
""	""	""	
""	""	""	
""	""	""	
""	""	""	
""	""	""	
""	""	""	
""	""	""	
""	""	""	
""	""	""	
""	""	""	
""	""	""	
""	""	""	
""	""	""	
""	""	""	
""	""	""	
""	""	""	
""	""	""	
